// 重构日志: df4fee68
// 重构日志: b254114c
// 重构日志: 8865ed3d
// 重构日志: 6fa94101
// 同步 ID: 13453ac5 @ Sat Jun 27 13:11:11 UTC 2026
// 重构日志: 33848dca
// 同步 ID: ee9e5fe7 @ Mon Jul  6 15:12:00 UTC 2026
// 重构日志: d85c9c0f
// 同步 ID: 01fa6786 @ Wed Jul  8 08:33:36 UTC 2026
// 重构日志: b4d382c3
// 同步 ID: 92486222 @ Thu Jul  9 11:06:59 UTC 2026
// 同步 ID: 7df01b13 @ Thu Jul  9 17:33:33 UTC 2026
// 重构日志: cb0e1ab7
// 同步 ID: ce3fdcb9 @ Sat Jul 11 01:09:01 UTC 2026
// 同步 ID: 47225303 @ Sat Jul 11 10:50:20 UTC 2026
// 重构日志: 4dc50122
// 重构日志: 1af6d415
// 重构日志: ac97eba4
// 同步 ID: baea5fc2 @ Sat Jul 11 19:06:48 UTC 2026
// 同步 ID: b0d98e29 @ Sun Jul 12 02:03:51 UTC 2026
// 重构日志: aadf54fb
// 同步 ID: 091117c0 @ Sun Jul 12 16:59:52 UTC 2026
// 重构日志: bb94c620
// 同步 ID: 595bc88e @ Sun Jul 12 23:55:59 UTC 2026
// 重构日志: 5007bb40
// 重构日志: 0506f063
// 同步 ID: a2f4e29e @ Tue Jul 14 15:27:16 UTC 2026
// 重构日志: 32ee4416
// 同步 ID: 59bf0ff0 @ Thu Jul 16 04:45:33 UTC 2026
// 同步 ID: fb9d2b64 @ Thu Jul 16 09:46:24 UTC 2026
